[19:05:51] [Thread-3/INFO]: [STDOUT]: SERVER enter state: DORMANT
[19:05:51] [EnvServerSocketHandler/INFO]: Received Mission token 7b416267-352b-41d4-9128-e58ac81a18f3:0:0:1:true
[19:05:51] [EnvServerSocketHandler/INFO]: Received mission init command  <MissionInit xmlns="http://ProjectMalmo.microsoft.com" xmlns:xsi="http://www.w3.org/2001/XMLSchema-instance" SchemaVersion="" PlatformVersion="0.37.0"><Mission><About><Summary>MineRLObtainDiamondShovel-v0</Summary></About><ModSettings><MsPerTick>50</MsPerTick></ModSettings><ServerSection><ServerInitialConditions><Time><AllowPassageOfTime>true</AllowPassageOfTime></Time><AllowSpawning>true</AllowSpawning></ServerInitialConditions><ServerHandlers><DefaultWorldGenerator forceReset="true" generatorOptions="{}"/><ServerQuitWhenAnyAgentFinishes/></ServerHandlers></ServerSection><AgentSection mode="Survival"><Name>MineRLAgent0</Name><AgentStart><LowLevelInputs>true</LowLevelInputs><GuiScale>1.0</GuiScale><GammaSetting>2.0</GammaSetting><FOVSetting>70.0</FOVSetting><FakeCursorSize>16</FakeCursorSize></AgentStart><AgentHandlers><FileBasedPerformanceProducer/><PauseCommand/><VideoProducer want_depth="false"><Width>640</Width><Height>360</Height></VideoProducer><ObservationFromFullInventory flat="false"/><HumanLevelCommands/><CameraCommands/></AgentHandlers></AgentSection></Mission><ExperimentUID>7b416267-352b-41d4-9128-e58ac81a18f3</ExperimentUID><ClientRole>0</ClientRole><ClientAgentConnection><ClientIPAddress>127.0.0.1</ClientIPAddress><ClientMissionControlPort>0</ClientMissionControlPort><ClientCommandsPort>0</ClientCommandsPort><AgentIPAddress>127.0.0.1</AgentIPAddress><AgentMissionControlPort>0</AgentMissionControlPort><AgentVideoPort>0</AgentVideoPort><AgentDepthPort>0</AgentDepthPort><AgentLuminancePort>0</AgentLuminancePort><AgentObservationsPort>0</AgentObservationsPort><AgentRewardsPort>0</AgentRewardsPort><AgentColourMapPort>0</AgentColourMapPort></ClientAgentConnection></MissionInit>
[19:05:52] [Render thread/INFO]: [STDOUT]: *** creating fake mouse cursor ***
[19:05:52] [EnvServerSocketHandler/INFO]: [STDOUT]: Setting width, height to 640, 360
[19:05:52] [EnvServerSocketHandler/INFO]: [STDOUT]: Gamma: 2.0
[19:05:52] [EnvServerSocketHandler/INFO]: [STDOUT]: FOV: 70.0
[19:05:52] [EnvServerSocketHandler/INFO]: [STDOUT]: GuiScale: 1.0
[19:05:52] [Render thread/INFO]: [STDOUT]: Seed not provided, generating random one: 7691573295051076828
[19:05:53] [Render thread/WARN]: Ambiguity between arguments [teleport, destination] and [teleport, targets] with inputs: [Player, 0123, @e, dd12be42-52a9-4a91-a8a1-11c01849e498]
[19:05:53] [Render thread/WARN]: Ambiguity between arguments [teleport, location] and [teleport, destination] with inputs: [0.1 -0.5 .9, 0 0 0]
[19:05:53] [Render thread/WARN]: Ambiguity between arguments [teleport, location] and [teleport, targets] with inputs: [0.1 -0.5 .9, 0 0 0]
[19:05:53] [Render thread/WARN]: Ambiguity between arguments [teleport, targets] and [teleport, destination] with inputs: [Player, 0123, dd12be42-52a9-4a91-a8a1-11c01849e498]
[19:05:53] [Render thread/WARN]: Ambiguity between arguments [teleport, targets, location] and [teleport, targets, destination] with inputs: [0.1 -0.5 .9, 0 0 0]
[19:05:53] [Render thread/INFO]: Reloading ResourceManager: Default
[19:05:54] [Render thread/INFO]: Loaded 7 recipes
[19:05:54] [Render thread/INFO]: Loaded 927 advancements
[19:05:55] [Render thread/INFO]: Environment: authHost='https://authserver.mojang.com', accountsHost='https://api.mojang.com', sessionHost='https://sessionserver.mojang.com', servicesHost='https://api.minecraftservices.com', name='PROD'
[19:05:55] [Render thread/INFO]: Starting integrated minecraft server version 1.16.5
[19:05:55] [Render thread/INFO]: Generating keypair
[19:06:01] [Render thread/INFO]: Preparing start region for dimension minecraft:overworld
[19:06:12] [Render thread/INFO]: Changing view distance to 11, from 10
[19:06:13] [Render thread/INFO]: MineRLAgent0[local:E:6d855d5c] logged in with entity id 137 at (-749.5, 67.0, 378.5)
[19:06:13] [Render thread/INFO]: MineRLAgent0 joined the game
[19:06:13] [Render thread/INFO]: Preparing spawn area: 0%
[19:06:13] [Render thread/INFO]: Time elapsed: 6 ms
[19:06:14] [Render thread/INFO]: Loaded 0 advancements
[19:06:14] [Render thread/INFO]: [STDOUT]: Starting new video null
[19:06:14] [Render thread/INFO]: Saving and pausing game...
[19:06:14] [Render thread/INFO]: Saving chunks for level 'ServerLevel[mcpworldd8db9b65e3e0]'/minecraft:overworld
[19:06:15] [Render thread/INFO]: Saving chunks for level 'ServerLevel[mcpworldd8db9b65e3e0]'/minecraft:the_nether
[19:06:15] [Render thread/INFO]: Saving chunks for level 'ServerLevel[mcpworldd8db9b65e3e0]'/minecraft:the_end
[19:06:46] [EnvServerSocketHandler/INFO]: [STDERR]: java.net.SocketException: Connection reset
