[19:23:19] [Thread-3/INFO]: [STDOUT]: SERVER enter state: DORMANT
[19:23:19] [EnvServerSocketHandler/INFO]: Received Mission token a321af3b-fdb9-4128-8d64-5f1864c7ee5b:0:0:1:true
[19:23:19] [EnvServerSocketHandler/INFO]: Received mission init command  <MissionInit xmlns="http://ProjectMalmo.microsoft.com" xmlns:xsi="http://www.w3.org/2001/XMLSchema-instance" SchemaVersion="" PlatformVersion="0.37.0"><Mission><About><Summary>MineRLObtainDiamondShovel-v0</Summary></About><ModSettings><MsPerTick>50</MsPerTick></ModSettings><ServerSection><ServerInitialConditions><Time><AllowPassageOfTime>true</AllowPassageOfTime></Time><AllowSpawning>true</AllowSpawning></ServerInitialConditions><ServerHandlers><DefaultWorldGenerator forceReset="true" generatorOptions="{}"/><ServerQuitWhenAnyAgentFinishes/></ServerHandlers></ServerSection><AgentSection mode="Survival"><Name>MineRLAgent0</Name><AgentStart><LowLevelInputs>true</LowLevelInputs><GuiScale>1.0</GuiScale><GammaSetting>2.0</GammaSetting><FOVSetting>70.0</FOVSetting><FakeCursorSize>16</FakeCursorSize></AgentStart><AgentHandlers><FileBasedPerformanceProducer/><PauseCommand/><VideoProducer want_depth="false"><Width>640</Width><Height>360</Height></VideoProducer><ObservationFromFullInventory flat="false"/><HumanLevelCommands/><CameraCommands/></AgentHandlers></AgentSection></Mission><ExperimentUID>a321af3b-fdb9-4128-8d64-5f1864c7ee5b</ExperimentUID><ClientRole>0</ClientRole><ClientAgentConnection><ClientIPAddress>127.0.0.1</ClientIPAddress><ClientMissionControlPort>0</ClientMissionControlPort><ClientCommandsPort>0</ClientCommandsPort><AgentIPAddress>127.0.0.1</AgentIPAddress><AgentMissionControlPort>0</AgentMissionControlPort><AgentVideoPort>0</AgentVideoPort><AgentDepthPort>0</AgentDepthPort><AgentLuminancePort>0</AgentLuminancePort><AgentObservationsPort>0</AgentObservationsPort><AgentRewardsPort>0</AgentRewardsPort><AgentColourMapPort>0</AgentColourMapPort></ClientAgentConnection></MissionInit>
[19:23:20] [EnvServerSocketHandler/INFO]: [STDOUT]: Setting width, height to 640, 360
[19:23:20] [EnvServerSocketHandler/INFO]: [STDOUT]: Gamma: 2.0
[19:23:20] [EnvServerSocketHandler/INFO]: [STDOUT]: FOV: 70.0
[19:23:20] [EnvServerSocketHandler/INFO]: [STDOUT]: GuiScale: 1.0
[19:23:20] [Sound engine/FATAL]: Error executing task on Sound executor
java.lang.IllegalStateException: Tried to release unknown channel
	at net.minecraft.client.audio.SoundSystem.release(SoundSystem.java:151) ~[mcprec-6.13.jar:?]
	at net.minecraft.client.audio.ChannelManager$Entry.release(ChannelManager.java:96) ~[mcprec-6.13.jar:?]
	at net.minecraft.client.audio.ChannelManager.lambda$tick$3(ChannelManager.java:58) ~[mcprec-6.13.jar:?]
	at net.minecraft.util.concurrent.ThreadTaskExecutor.run(ThreadTaskExecutor.java:136) ~[mcprec-6.13.jar:?]
	at net.minecraft.util.concurrent.ThreadTaskExecutor.driveOne(ThreadTaskExecutor.java:109) ~[mcprec-6.13.jar:?]
	at net.minecraft.util.concurrent.ThreadTaskExecutor.driveUntil(ThreadTaskExecutor.java:119) ~[mcprec-6.13.jar:?]
	at net.minecraft.client.audio.SoundEngineExecutor.run(SoundEngineExecutor.java:39) ~[mcprec-6.13.jar:?]
	at java.lang.Thread.run(Thread.java:750) [?:1.8.0_452]
[19:23:20] [Render thread/INFO]: [STDOUT]: Seed not provided, generating random one: -4776248798624377359
[19:23:21] [Render thread/WARN]: Ambiguity between arguments [teleport, destination] and [teleport, targets] with inputs: [Player, 0123, @e, dd12be42-52a9-4a91-a8a1-11c01849e498]
[19:23:21] [Render thread/WARN]: Ambiguity between arguments [teleport, location] and [teleport, destination] with inputs: [0.1 -0.5 .9, 0 0 0]
[19:23:21] [Render thread/WARN]: Ambiguity between arguments [teleport, location] and [teleport, targets] with inputs: [0.1 -0.5 .9, 0 0 0]
[19:23:21] [Render thread/WARN]: Ambiguity between arguments [teleport, targets] and [teleport, destination] with inputs: [Player, 0123, dd12be42-52a9-4a91-a8a1-11c01849e498]
[19:23:21] [Render thread/WARN]: Ambiguity between arguments [teleport, targets, location] and [teleport, targets, destination] with inputs: [0.1 -0.5 .9, 0 0 0]
[19:23:21] [Render thread/INFO]: Reloading ResourceManager: Default
[19:23:21] [Render thread/INFO]: Loaded 7 recipes
[19:23:22] [Render thread/INFO]: Loaded 927 advancements
[19:23:23] [Render thread/INFO]: Environment: authHost='https://authserver.mojang.com', accountsHost='https://api.mojang.com', sessionHost='https://sessionserver.mojang.com', servicesHost='https://api.minecraftservices.com', name='PROD'
[19:23:23] [Render thread/INFO]: Starting integrated minecraft server version 1.16.5
[19:23:23] [Render thread/INFO]: Generating keypair
[19:23:28] [Render thread/INFO]: Preparing start region for dimension minecraft:overworld
[19:23:39] [Render thread/INFO]: Changing view distance to 11, from 10
[19:23:39] [Render thread/INFO]: MineRLAgent0[local:E:62713e98] logged in with entity id 320 at (786.5, 64.0, 90.5)
[19:23:39] [Render thread/INFO]: MineRLAgent0 joined the game
[19:23:40] [Render thread/INFO]: [STDOUT]: *** creating fake mouse cursor ***
[19:23:40] [Render thread/INFO]: Preparing spawn area: 15%
[19:23:40] [Render thread/INFO]: Time elapsed: 7 ms
[19:23:41] [Render thread/INFO]: Loaded 0 advancements
[19:23:41] [Render thread/INFO]: [STDOUT]: Starting new video null
[19:23:41] [Render thread/INFO]: Saving and pausing game...
[19:23:41] [Render thread/INFO]: Saving chunks for level 'ServerLevel[mcpworld238ec4ca5bd1]'/minecraft:overworld
[19:23:41] [Render thread/INFO]: Saving chunks for level 'ServerLevel[mcpworld238ec4ca5bd1]'/minecraft:the_nether
[19:23:41] [Render thread/INFO]: Saving chunks for level 'ServerLevel[mcpworld238ec4ca5bd1]'/minecraft:the_end
[19:23:46] [EnvServerSocketHandler/INFO]: [STDOUT]: *** Stopping the replay, returning control to the inputs
