[18:28:22] [Thread-3/INFO]: [STDOUT]: SERVER enter state: DORMANT
[18:28:22] [EnvServerSocketHandler/INFO]: Received Mission token ae109eb9-309d-4ece-a320-77491b94d0ed:0:0:1:true
[18:28:22] [EnvServerSocketHandler/INFO]: Received mission init command  <MissionInit xmlns="http://ProjectMalmo.microsoft.com" xmlns:xsi="http://www.w3.org/2001/XMLSchema-instance" SchemaVersion="" PlatformVersion="0.37.0"><Mission><About><Summary>MineRLObtainDiamondShovel-v0</Summary></About><ModSettings><MsPerTick>50</MsPerTick></ModSettings><ServerSection><ServerInitialConditions><Time><AllowPassageOfTime>true</AllowPassageOfTime></Time><AllowSpawning>true</AllowSpawning></ServerInitialConditions><ServerHandlers><DefaultWorldGenerator forceReset="true" generatorOptions="{}"/><ServerQuitWhenAnyAgentFinishes/></ServerHandlers></ServerSection><AgentSection mode="Survival"><Name>MineRLAgent0</Name><AgentStart><LowLevelInputs>true</LowLevelInputs><GuiScale>1.0</GuiScale><GammaSetting>2.0</GammaSetting><FOVSetting>70.0</FOVSetting><FakeCursorSize>16</FakeCursorSize></AgentStart><AgentHandlers><FileBasedPerformanceProducer/><PauseCommand/><VideoProducer want_depth="false"><Width>640</Width><Height>360</Height></VideoProducer><ObservationFromFullInventory flat="false"/><HumanLevelCommands/><CameraCommands/></AgentHandlers></AgentSection></Mission><ExperimentUID>ae109eb9-309d-4ece-a320-77491b94d0ed</ExperimentUID><ClientRole>0</ClientRole><ClientAgentConnection><ClientIPAddress>127.0.0.1</ClientIPAddress><ClientMissionControlPort>0</ClientMissionControlPort><ClientCommandsPort>0</ClientCommandsPort><AgentIPAddress>127.0.0.1</AgentIPAddress><AgentMissionControlPort>0</AgentMissionControlPort><AgentVideoPort>0</AgentVideoPort><AgentDepthPort>0</AgentDepthPort><AgentLuminancePort>0</AgentLuminancePort><AgentObservationsPort>0</AgentObservationsPort><AgentRewardsPort>0</AgentRewardsPort><AgentColourMapPort>0</AgentColourMapPort></ClientAgentConnection></MissionInit>
[18:28:22] [EnvServerSocketHandler/INFO]: [STDOUT]: Setting width, height to 640, 360
[18:28:22] [EnvServerSocketHandler/INFO]: [STDOUT]: Gamma: 2.0
[18:28:22] [EnvServerSocketHandler/INFO]: [STDOUT]: FOV: 70.0
[18:28:22] [EnvServerSocketHandler/INFO]: [STDOUT]: GuiScale: 1.0
[18:28:22] [Sound engine/FATAL]: Error executing task on Sound executor
java.lang.IllegalStateException: Tried to release unknown channel
	at net.minecraft.client.audio.SoundSystem.release(SoundSystem.java:151) ~[mcprec-6.13.jar:?]
	at net.minecraft.client.audio.ChannelManager$Entry.release(ChannelManager.java:96) ~[mcprec-6.13.jar:?]
	at net.minecraft.client.audio.ChannelManager.lambda$tick$3(ChannelManager.java:58) ~[mcprec-6.13.jar:?]
	at net.minecraft.util.concurrent.ThreadTaskExecutor.run(ThreadTaskExecutor.java:136) ~[mcprec-6.13.jar:?]
	at net.minecraft.util.concurrent.ThreadTaskExecutor.driveOne(ThreadTaskExecutor.java:109) ~[mcprec-6.13.jar:?]
	at net.minecraft.util.concurrent.ThreadTaskExecutor.driveUntil(ThreadTaskExecutor.java:119) ~[mcprec-6.13.jar:?]
	at net.minecraft.client.audio.SoundEngineExecutor.run(SoundEngineExecutor.java:39) ~[mcprec-6.13.jar:?]
	at java.lang.Thread.run(Thread.java:750) [?:1.8.0_452]
[18:28:22] [Render thread/INFO]: [STDOUT]: Seed not provided, generating random one: 7816395041436152136
[18:28:23] [Render thread/WARN]: Ambiguity between arguments [teleport, destination] and [teleport, targets] with inputs: [Player, 0123, @e, dd12be42-52a9-4a91-a8a1-11c01849e498]
[18:28:23] [Render thread/WARN]: Ambiguity between arguments [teleport, location] and [teleport, destination] with inputs: [0.1 -0.5 .9, 0 0 0]
[18:28:23] [Render thread/WARN]: Ambiguity between arguments [teleport, location] and [teleport, targets] with inputs: [0.1 -0.5 .9, 0 0 0]
[18:28:23] [Render thread/WARN]: Ambiguity between arguments [teleport, targets] and [teleport, destination] with inputs: [Player, 0123, dd12be42-52a9-4a91-a8a1-11c01849e498]
[18:28:23] [Render thread/WARN]: Ambiguity between arguments [teleport, targets, location] and [teleport, targets, destination] with inputs: [0.1 -0.5 .9, 0 0 0]
[18:28:23] [Render thread/INFO]: Reloading ResourceManager: Default
[18:28:24] [Render thread/INFO]: Loaded 7 recipes
[18:28:24] [Render thread/INFO]: Loaded 927 advancements
[18:28:25] [Render thread/INFO]: Environment: authHost='https://authserver.mojang.com', accountsHost='https://api.mojang.com', sessionHost='https://sessionserver.mojang.com', servicesHost='https://api.minecraftservices.com', name='PROD'
[18:28:25] [Render thread/INFO]: Starting integrated minecraft server version 1.16.5
[18:28:25] [Render thread/INFO]: Generating keypair
[18:28:31] [Render thread/INFO]: Preparing start region for dimension minecraft:overworld
[18:28:41] [Render thread/INFO]: Changing view distance to 11, from 10
[18:28:41] [Render thread/INFO]: MineRLAgent0[local:E:60912cf1] logged in with entity id 265 at (-29.5, 64.0, 938.5)
[18:28:41] [Render thread/INFO]: MineRLAgent0 joined the game
[18:28:41] [Render thread/INFO]: [STDOUT]: *** creating fake mouse cursor ***
[18:28:41] [Render thread/INFO]: Preparing spawn area: 4%
[18:28:41] [Render thread/INFO]: Time elapsed: 6 ms
[18:28:42] [Render thread/INFO]: [STDOUT]: Starting new video null
[18:28:42] [Render thread/INFO]: Saving and pausing game...
[18:28:42] [Render thread/INFO]: Saving chunks for level 'ServerLevel[mcpworld6da58edead2d]'/minecraft:overworld
[18:28:43] [Render thread/INFO]: Saving chunks for level 'ServerLevel[mcpworld6da58edead2d]'/minecraft:the_nether
[18:28:43] [Render thread/INFO]: Saving chunks for level 'ServerLevel[mcpworld6da58edead2d]'/minecraft:the_end
[18:28:44] [Render thread/INFO]: Loaded 0 advancements
[18:29:08] [Render thread/INFO]: Loaded 7 advancements
[18:29:37] [EnvServerSocketHandler/INFO]: [STDOUT]: *** Stopping the replay, returning control to the inputs
