[20:15:37] [Thread-3/INFO]: [STDOUT]: SERVER enter state: DORMANT
[20:15:37] [EnvServerSocketHandler/INFO]: Received Mission token 7eb44e67-ba8d-43a2-9bc9-749b67de4050:0:0:1:true
[20:15:37] [EnvServerSocketHandler/INFO]: Received mission init command  <MissionInit xmlns="http://ProjectMalmo.microsoft.com" xmlns:xsi="http://www.w3.org/2001/XMLSchema-instance" SchemaVersion="" PlatformVersion="0.37.0"><Mission><About><Summary>MineRLObtainDiamondShovel-v0</Summary></About><ModSettings><MsPerTick>50</MsPerTick></ModSettings><ServerSection><ServerInitialConditions><Time><AllowPassageOfTime>true</AllowPassageOfTime></Time><AllowSpawning>true</AllowSpawning></ServerInitialConditions><ServerHandlers><DefaultWorldGenerator forceReset="true" generatorOptions="{}"/><ServerQuitWhenAnyAgentFinishes/></ServerHandlers></ServerSection><AgentSection mode="Survival"><Name>MineRLAgent0</Name><AgentStart><LowLevelInputs>true</LowLevelInputs><GuiScale>1.0</GuiScale><GammaSetting>2.0</GammaSetting><FOVSetting>70.0</FOVSetting><FakeCursorSize>16</FakeCursorSize></AgentStart><AgentHandlers><FileBasedPerformanceProducer/><PauseCommand/><VideoProducer want_depth="false"><Width>640</Width><Height>360</Height></VideoProducer><ObservationFromFullInventory flat="false"/><HumanLevelCommands/><CameraCommands/></AgentHandlers></AgentSection></Mission><ExperimentUID>7eb44e67-ba8d-43a2-9bc9-749b67de4050</ExperimentUID><ClientRole>0</ClientRole><ClientAgentConnection><ClientIPAddress>127.0.0.1</ClientIPAddress><ClientMissionControlPort>0</ClientMissionControlPort><ClientCommandsPort>0</ClientCommandsPort><AgentIPAddress>127.0.0.1</AgentIPAddress><AgentMissionControlPort>0</AgentMissionControlPort><AgentVideoPort>0</AgentVideoPort><AgentDepthPort>0</AgentDepthPort><AgentLuminancePort>0</AgentLuminancePort><AgentObservationsPort>0</AgentObservationsPort><AgentRewardsPort>0</AgentRewardsPort><AgentColourMapPort>0</AgentColourMapPort></ClientAgentConnection></MissionInit>
[20:15:38] [EnvServerSocketHandler/INFO]: [STDOUT]: Setting width, height to 640, 360
[20:15:38] [EnvServerSocketHandler/INFO]: [STDOUT]: Gamma: 2.0
[20:15:38] [EnvServerSocketHandler/INFO]: [STDOUT]: FOV: 70.0
[20:15:38] [EnvServerSocketHandler/INFO]: [STDOUT]: GuiScale: 1.0
[20:15:38] [Render thread/INFO]: [STDOUT]: Seed not provided, generating random one: 8743646619032531913
[20:15:39] [Render thread/WARN]: Ambiguity between arguments [teleport, destination] and [teleport, targets] with inputs: [Player, 0123, @e, dd12be42-52a9-4a91-a8a1-11c01849e498]
[20:15:39] [Render thread/WARN]: Ambiguity between arguments [teleport, location] and [teleport, destination] with inputs: [0.1 -0.5 .9, 0 0 0]
[20:15:39] [Render thread/WARN]: Ambiguity between arguments [teleport, location] and [teleport, targets] with inputs: [0.1 -0.5 .9, 0 0 0]
[20:15:39] [Render thread/WARN]: Ambiguity between arguments [teleport, targets] and [teleport, destination] with inputs: [Player, 0123, dd12be42-52a9-4a91-a8a1-11c01849e498]
[20:15:39] [Render thread/WARN]: Ambiguity between arguments [teleport, targets, location] and [teleport, targets, destination] with inputs: [0.1 -0.5 .9, 0 0 0]
[20:15:39] [Render thread/INFO]: Reloading ResourceManager: Default
[20:15:39] [Render thread/INFO]: Loaded 7 recipes
[20:15:39] [Render thread/INFO]: Loaded 927 advancements
[20:15:40] [Render thread/INFO]: Environment: authHost='https://authserver.mojang.com', accountsHost='https://api.mojang.com', sessionHost='https://sessionserver.mojang.com', servicesHost='https://api.minecraftservices.com', name='PROD'
[20:15:41] [Render thread/INFO]: Starting integrated minecraft server version 1.16.5
[20:15:41] [Render thread/INFO]: Generating keypair
[20:15:45] [Render thread/INFO]: Preparing start region for dimension minecraft:overworld
[20:15:54] [Render thread/INFO]: Changing view distance to 11, from 10
[20:15:54] [Render thread/INFO]: MineRLAgent0[local:E:b4a2fd61] logged in with entity id 172 at (-365.5, 63.0, -149.5)
[20:15:54] [Render thread/INFO]: MineRLAgent0 joined the game
[20:15:54] [Render thread/INFO]: [STDOUT]: *** creating fake mouse cursor ***
[20:15:54] [Render thread/INFO]: Preparing spawn area: 7%
[20:15:54] [Render thread/INFO]: Time elapsed: 4 ms
[20:15:55] [Render thread/INFO]: [STDOUT]: Starting new video null
[20:15:55] [Render thread/INFO]: Saving and pausing game...
[20:15:55] [Render thread/INFO]: Saving chunks for level 'ServerLevel[mcpworld1c30a5d044cb]'/minecraft:overworld
[20:15:55] [Render thread/INFO]: Saving chunks for level 'ServerLevel[mcpworld1c30a5d044cb]'/minecraft:the_nether
[20:15:55] [Render thread/INFO]: Saving chunks for level 'ServerLevel[mcpworld1c30a5d044cb]'/minecraft:the_end
[20:15:56] [Render thread/INFO]: Loaded 0 advancements
[20:16:07] [Render thread/INFO]: Loaded 7 advancements
[20:16:36] [EnvServerSocketHandler/INFO]: [STDERR]: java.net.SocketException: Connection reset
