[19:53:50] [Thread-3/INFO]: [STDOUT]: SERVER enter state: DORMANT
[19:53:50] [EnvServerSocketHandler/INFO]: Received Mission token 3db55959-d7e4-4398-b36a-2c48201f02d7:0:0:1:true
[19:53:50] [EnvServerSocketHandler/INFO]: Received mission init command  <MissionInit xmlns="http://ProjectMalmo.microsoft.com" xmlns:xsi="http://www.w3.org/2001/XMLSchema-instance" SchemaVersion="" PlatformVersion="0.37.0"><Mission><About><Summary>MineRLObtainDiamondShovel-v0</Summary></About><ModSettings><MsPerTick>50</MsPerTick></ModSettings><ServerSection><ServerInitialConditions><Time><AllowPassageOfTime>true</AllowPassageOfTime></Time><AllowSpawning>true</AllowSpawning></ServerInitialConditions><ServerHandlers><DefaultWorldGenerator forceReset="true" generatorOptions="{}"/><ServerQuitWhenAnyAgentFinishes/></ServerHandlers></ServerSection><AgentSection mode="Survival"><Name>MineRLAgent0</Name><AgentStart><LowLevelInputs>true</LowLevelInputs><GuiScale>1.0</GuiScale><GammaSetting>2.0</GammaSetting><FOVSetting>70.0</FOVSetting><FakeCursorSize>16</FakeCursorSize></AgentStart><AgentHandlers><FileBasedPerformanceProducer/><PauseCommand/><VideoProducer want_depth="false"><Width>640</Width><Height>360</Height></VideoProducer><ObservationFromFullInventory flat="false"/><HumanLevelCommands/><CameraCommands/></AgentHandlers></AgentSection></Mission><ExperimentUID>3db55959-d7e4-4398-b36a-2c48201f02d7</ExperimentUID><ClientRole>0</ClientRole><ClientAgentConnection><ClientIPAddress>127.0.0.1</ClientIPAddress><ClientMissionControlPort>0</ClientMissionControlPort><ClientCommandsPort>0</ClientCommandsPort><AgentIPAddress>127.0.0.1</AgentIPAddress><AgentMissionControlPort>0</AgentMissionControlPort><AgentVideoPort>0</AgentVideoPort><AgentDepthPort>0</AgentDepthPort><AgentLuminancePort>0</AgentLuminancePort><AgentObservationsPort>0</AgentObservationsPort><AgentRewardsPort>0</AgentRewardsPort><AgentColourMapPort>0</AgentColourMapPort></ClientAgentConnection></MissionInit>
[19:53:51] [EnvServerSocketHandler/INFO]: [STDOUT]: Setting width, height to 640, 360
[19:53:51] [EnvServerSocketHandler/INFO]: [STDOUT]: Gamma: 2.0
[19:53:51] [EnvServerSocketHandler/INFO]: [STDOUT]: FOV: 70.0
[19:53:51] [EnvServerSocketHandler/INFO]: [STDOUT]: GuiScale: 1.0
[19:53:51] [Render thread/INFO]: [STDOUT]: Seed not provided, generating random one: 1358873244137627816
[19:53:52] [Render thread/WARN]: Ambiguity between arguments [teleport, destination] and [teleport, targets] with inputs: [Player, 0123, @e, dd12be42-52a9-4a91-a8a1-11c01849e498]
[19:53:52] [Render thread/WARN]: Ambiguity between arguments [teleport, location] and [teleport, destination] with inputs: [0.1 -0.5 .9, 0 0 0]
[19:53:52] [Render thread/WARN]: Ambiguity between arguments [teleport, location] and [teleport, targets] with inputs: [0.1 -0.5 .9, 0 0 0]
[19:53:52] [Render thread/WARN]: Ambiguity between arguments [teleport, targets] and [teleport, destination] with inputs: [Player, 0123, dd12be42-52a9-4a91-a8a1-11c01849e498]
[19:53:52] [Render thread/WARN]: Ambiguity between arguments [teleport, targets, location] and [teleport, targets, destination] with inputs: [0.1 -0.5 .9, 0 0 0]
[19:53:52] [Render thread/INFO]: Reloading ResourceManager: Default
[19:53:52] [Render thread/INFO]: Loaded 7 recipes
[19:53:53] [Render thread/INFO]: Loaded 927 advancements
[19:53:54] [Render thread/INFO]: Environment: authHost='https://authserver.mojang.com', accountsHost='https://api.mojang.com', sessionHost='https://sessionserver.mojang.com', servicesHost='https://api.minecraftservices.com', name='PROD'
[19:53:54] [Render thread/INFO]: Starting integrated minecraft server version 1.16.5
[19:53:54] [Render thread/INFO]: Generating keypair
[19:53:59] [Render thread/INFO]: Preparing start region for dimension minecraft:overworld
[19:54:08] [Render thread/INFO]: Changing view distance to 11, from 10
[19:54:09] [Render thread/INFO]: MineRLAgent0[local:E:f77efcf3] logged in with entity id 239 at (274.5, 63.0, 826.5)
[19:54:09] [Render thread/INFO]: MineRLAgent0 joined the game
[19:54:09] [Render thread/INFO]: [STDOUT]: *** creating fake mouse cursor ***
[19:54:09] [Render thread/INFO]: Preparing spawn area: 3%
[19:54:09] [Render thread/INFO]: Time elapsed: 5 ms
[19:54:10] [Render thread/INFO]: [STDOUT]: Starting new video null
[19:54:10] [Render thread/INFO]: Saving and pausing game...
[19:54:10] [Render thread/INFO]: Saving chunks for level 'ServerLevel[mcpworld42f1eaa895ed]'/minecraft:overworld
[19:54:11] [Render thread/INFO]: Saving chunks for level 'ServerLevel[mcpworld42f1eaa895ed]'/minecraft:the_nether
[19:54:11] [Render thread/INFO]: Saving chunks for level 'ServerLevel[mcpworld42f1eaa895ed]'/minecraft:the_end
[19:54:12] [Render thread/INFO]: Loaded 0 advancements
[19:54:16] [EnvServerSocketHandler/INFO]: [STDOUT]: *** Stopping the replay, returning control to the inputs
